Started GET "/" for ::1 at 2022-11-21 11:52:26 -0300
Processing by Rails::WelcomeController#index as HTML
  Rendering C:/Ruby31-x64/lib/ruby/gems/3.1.0/gems/railties-7.0.4/lib/rails/templates/rails/welcome/index.html.erb
  Rendered C:/Ruby31-x64/lib/ruby/gems/3.1.0/gems/railties-7.0.4/lib/rails/templates/rails/welcome/index.html.erb (Duration: 156.6ms | Allocations: 681)
Completed 200 OK in 1108ms (Views: 583.6ms | ActiveRecord: 0.0ms | Allocations: 5629)


Started GET "/" for ::1 at 2022-11-21 12:10:06 -0300
Processing by Rails::WelcomeController#index as HTML
  Rendering C:/Ruby31-x64/lib/ruby/gems/3.1.0/gems/railties-7.0.4/lib/rails/templates/rails/welcome/index.html.erb
  Rendered C:/Ruby31-x64/lib/ruby/gems/3.1.0/gems/railties-7.0.4/lib/rails/templates/rails/welcome/index.html.erb (Duration: 6.4ms | Allocations: 551)
Completed 200 OK in 122ms (Views: 62.5ms | ActiveRecord: 0.0ms | Allocations: 4058)


Started GET "/" for ::1 at 2022-11-21 12:10:42 -0300
Processing by WelcomeController#index as HTML
  Rendering layout layouts/application.html.erb
  Rendering welcome/index.html.erb within layouts/application
  Rendered welcome/index.html.erb within layouts/application (Duration: 1.6ms | Allocations: 129)
  Rendered layout layouts/application.html.erb (Duration: 3749.9ms | Allocations: 53925)
Completed 500 Internal Server Error in 3780ms (Allocations: 55026)


  
ActionView::Template::Error (Permission denied @ rb_file_s_rename - (C:/Users/pedro/alpop/tmp/cache/assets/sprockets/v4.0.0/UI/UIU0wiLgWJYSO98e5RLFYVFsJLyktgW1TTFAWNF-K1Y.cache.28400.12808.530233, C:/Users/pedro/alpop/tmp/cache/assets/sprockets/v4.0.0/UI/UIU0wiLgWJYSO98e5RLFYVFsJLyktgW1TTFAWNF-K1Y.cache)):
  
sprockets (4.1.1) lib/sprockets/path_utils.rb:362:in `rename'
sprockets (4.1.1) lib/sprockets/path_utils.rb:362:in `atomic_write'
sprockets (4.1.1) lib/sprockets/cache/file_store.rb:112:in `set'
sprockets (4.1.1) lib/sprockets/cache.rb:227:in `set'
sprockets (4.1.1) lib/sprockets/cache.rb:93:in `fetch'
sprockets (4.1.1) lib/sprockets/base.rb:71:in `file_digest'
sprockets (4.1.1) lib/sprockets/unloaded_asset.rb:105:in `dependency_history_key'
sprockets (4.1.1) lib/sprockets/loader.rb:324:in `fetch_asset_from_dependency_cache'
sprockets (4.1.1) lib/sprockets/loader.rb:43:in `load'
sprockets (4.1.1) lib/sprockets/cached_environment.rb:44:in `block in load'
sprockets (4.1.1) lib/sprockets/cached_environment.rb:44:in `fetch'
sprockets (4.1.1) lib/sprockets/cached_environment.rb:44:in `load'
sprockets (4.1.1) lib/sprockets/context.rb:117:in `load'
sprockets (4.1.1) lib/sprockets/context.rb:145:in `depend_on_asset'
sprockets (4.1.1) lib/sprockets/context.rb:185:in `link_asset'
sprockets-rails (3.4.2) lib/sprockets/rails/context.rb:27:in `compute_asset_path'
actionview (7.0.4) lib/action_view/helpers/asset_url_helper.rb:203:in `asset_path'
sprockets-rails (3.4.2) lib/sprockets/rails/sourcemapping_url_processor.rb:41:in `sourcemap_asset_path'
sprockets-rails (3.4.2) lib/sprockets/rails/sourcemapping_url_processor.rb:34:in `resolved_sourcemap_comment'
sprockets-rails (3.4.2) lib/sprockets/rails/sourcemapping_url_processor.rb:15:in `block in call'
sprockets-rails (3.4.2) lib/sprockets/rails/sourcemapping_url_processor.rb:11:in `gsub'
sprockets-rails (3.4.2) lib/sprockets/rails/sourcemapping_url_processor.rb:11:in `call'
sprockets (4.1.1) lib/sprockets/processor_utils.rb:84:in `call_processor'
sprockets (4.1.1) lib/sprockets/processor_utils.rb:66:in `block in call_processors'
sprockets (4.1.1) lib/sprockets/processor_utils.rb:65:in `reverse_each'
sprockets (4.1.1) lib/sprockets/processor_utils.rb:65:in `call_processors'
sprockets (4.1.1) lib/sprockets/loader.rb:182:in `load_from_unloaded'
sprockets (4.1.1) lib/sprockets/loader.rb:59:in `block in load'
sprockets (4.1.1) lib/sprockets/loader.rb:337:in `fetch_asset_from_dependency_cache'
sprockets (4.1.1) lib/sprockets/loader.rb:43:in `load'
sprockets (4.1.1) lib/sprockets/cached_environment.rb:44:in `block in load'
sprockets (4.1.1) lib/sprockets/cached_environment.rb:44:in `fetch'
sprockets (4.1.1) lib/sprockets/cached_environment.rb:44:in `load'
sprockets (4.1.1) lib/sprockets/bundle.rb:27:in `call'
sprockets (4.1.1) lib/sprockets/processor_utils.rb:84:in `call_processor'
sprockets (4.1.1) lib/sprockets/processor_utils.rb:66:in `block in call_processors'
sprockets (4.1.1) lib/sprockets/processor_utils.rb:65:in `reverse_each'
sprockets (4.1.1) lib/sprockets/processor_utils.rb:65:in `call_processors'
sprockets (4.1.1) lib/sprockets/loader.rb:182:in `load_from_unloaded'
sprockets (4.1.1) lib/sprockets/loader.rb:59:in `block in load'
sprockets (4.1.1) lib/sprockets/loader.rb:337:in `fetch_asset_from_dependency_cache'
sprockets (4.1.1) lib/sprockets/loader.rb:43:in `load'
sprockets (4.1.1) lib/sprockets/cached_environment.rb:44:in `block in load'
sprockets (4.1.1) lib/sprockets/cached_environment.rb:44:in `fetch'
sprockets (4.1.1) lib/sprockets/cached_environment.rb:44:in `load'
sprockets (4.1.1) lib/sprockets/base.rb:81:in `find_asset'
sprockets (4.1.1) lib/sprockets/base.rb:88:in `find_all_linked_assets'
sprockets (4.1.1) lib/sprockets/manifest.rb:125:in `each'
sprockets (4.1.1) lib/sprockets/manifest.rb:125:in `to_a'
sprockets (4.1.1) lib/sprockets/manifest.rb:125:in `block (2 levels) in find'
concurrent-ruby (1.1.10) lib/concurrent-ruby/concurrent/executor/safe_task_executor.rb:24:in `block in execute'
concurrent-ruby (1.1.10) lib/concurrent-ruby/concurrent/synchronization/mutex_lockable_object.rb:47:in `block in synchronize'
concurrent-ruby (1.1.10) lib/concurrent-ruby/concurrent/synchronization/mutex_lockable_object.rb:47:in `synchronize'
concurrent-ruby (1.1.10) lib/concurrent-ruby/concurrent/synchronization/mutex_lockable_object.rb:47:in `synchronize'
concurrent-ruby (1.1.10) lib/concurrent-ruby/concurrent/executor/safe_task_executor.rb:22:in `execute'
concurrent-ruby (1.1.10) lib/concurrent-ruby/concurrent/promise.rb:564:in `block in realize'
concurrent-ruby (1.1.10) lib/concurrent-ruby/concurrent/executor/ruby_thread_pool_executor.rb:352:in `run_task'
concurrent-ruby (1.1.10) lib/concurrent-ruby/concurrent/executor/ruby_thread_pool_executor.rb:343:in `block (3 levels) in create_worker'
concurrent-ruby (1.1.10) lib/concurrent-ruby/concurrent/executor/ruby_thread_pool_executor.rb:334:in `loop'
concurrent-ruby (1.1.10) lib/concurrent-ruby/concurrent/executor/ruby_thread_pool_executor.rb:334:in `block (2 levels) in create_worker'
concurrent-ruby (1.1.10) lib/concurrent-ruby/concurrent/executor/ruby_thread_pool_executor.rb:333:in `catch'
concurrent-ruby (1.1.10) lib/concurrent-ruby/concurrent/executor/ruby_thread_pool_executor.rb:333:in `block in create_worker'
Started GET "/" for ::1 at 2022-11-21 12:11:27 -0300
Processing by WelcomeController#index as HTML
  Rendering layout layouts/application.html.erb
  Rendering welcome/index.html.erb within layouts/application
  Rendered welcome/index.html.erb within layouts/application (Duration: 1.3ms | Allocations: 125)
  Rendered layout layouts/application.html.erb (Duration: 396.3ms | Allocations: 37291)
Completed 200 OK in 418ms (Views: 410.9ms | Allocations: 38150)


Started GET "/" for ::1 at 2022-11-24 09:56:47 -0300
Processing by WelcomeController#index as HTML
  Rendering layout layouts/application.html.erb
  Rendering welcome/index.html.erb within layouts/application
  Rendered welcome/index.html.erb within layouts/application (Duration: 4.8ms | Allocations: 358)
  Rendered layout layouts/application.html.erb (Duration: 1076.5ms | Allocations: 37011)
Completed 200 OK in 1230ms (Views: 1140.6ms | ActiveRecord: 0.0ms | Allocations: 40680)


Started GET "/" for ::1 at 2022-11-24 09:58:44 -0300
Processing by WelcomeController#index as HTML
  Rendering layout layouts/application.html.erb
  Rendering welcome/index.html.erb within layouts/application
  Rendered welcome/index.html.erb within layouts/application (Duration: 1.1ms | Allocations: 127)
  Rendered layout layouts/application.html.erb (Duration: 373.8ms | Allocations: 12923)
Completed 500 Internal Server Error in 395ms (ActiveRecord: 0.0ms | Allocations: 13818)


  
ActionView::Template::Error (undefined method `full_title' for #<ActionView::Base:0x0000000000a898>

<title>'.freeze;@output_buffer.append=( full_title(yield(:title)) );@output_buffer.safe_append='</title>
                                        ^^^^^^^^^^):
    1: <!DOCTYPE html>
    2: <html>
    3: <head>
    4: <title><%= full_title(yield(:title)) %></title>
    5: <meta charset="utf-8">
    6: <%= csrf_meta_tags %>
    7: <%= csp_meta_tag %>
  
app/views/layouts/application.html.erb:4
Started GET "/" for ::1 at 2022-11-24 09:59:25 -0300
Processing by WelcomeController#index as HTML
  Rendering layout layouts/application.html.erb
  Rendering welcome/index.html.erb within layouts/application
  Rendered welcome/index.html.erb within layouts/application (Duration: 1.0ms | Allocations: 124)
  Rendered layout layouts/application.html.erb (Duration: 37.6ms | Allocations: 6428)
Completed 500 Internal Server Error in 58ms (ActiveRecord: 0.0ms | Allocations: 7258)


  
ActionView::Template::Error (undefined method `javascript_pack_tag' for #<ActionView::Base:0x0000000000ac30>

'.freeze;@output_buffer.append=( javascript_pack_tag 'application', 'data-turbolinks-track': 'reload' );@output_buffer.safe_append='
                                 ^^^^^^^^^^^^^^^^^^^
Did you mean?  javascript_path
               javascript_tag):
     7: <%= csp_meta_tag %>
     8: <%= stylesheet_link_tag 'application', media: 'all',
     9: 'data-turbolinks-track': 'reload' %>
    10: <%= javascript_pack_tag 'application', 'data-turbolinks-track': 'reload' %>
    11: <!--[if lt IE 9]>
    12: <script src="//cdnjs.cloudflare.com/ajax/libs/html5shiv/r29/html5.min.js">
    13: </script>
  
app/views/layouts/application.html.erb:10
Started GET "/" for ::1 at 2022-11-24 09:59:44 -0300
Processing by WelcomeController#index as HTML
  Rendering layout layouts/application.html.erb
  Rendering welcome/index.html.erb within layouts/application
  Rendered welcome/index.html.erb within layouts/application (Duration: 1.1ms | Allocations: 124)
  Rendered layout layouts/application.html.erb (Duration: 19.7ms | Allocations: 3044)
Completed 200 OK in 39ms (Views: 32.1ms | ActiveRecord: 0.0ms | Allocations: 3899)


Started GET "/" for ::1 at 2022-11-24 10:03:45 -0300
Processing by WelcomeController#index as HTML
  Rendering layout layouts/application.html.erb
  Rendering welcome/index.html.erb within layouts/application
  Rendered welcome/index.html.erb within layouts/application (Duration: 1.7ms | Allocations: 124)
  Rendered layout layouts/application.html.erb (Duration: 4.2ms | Allocations: 311)
Completed 200 OK in 25ms (Views: 16.7ms | Allocations: 1164)


Started GET "/" for ::1 at 2022-11-24 10:04:05 -0300
Processing by Rails::WelcomeController#index as HTML
  Rendering C:/Ruby31-x64/lib/ruby/gems/3.1.0/gems/railties-7.0.4/lib/rails/templates/rails/welcome/index.html.erb
  Rendered C:/Ruby31-x64/lib/ruby/gems/3.1.0/gems/railties-7.0.4/lib/rails/templates/rails/welcome/index.html.erb (Duration: 16.1ms | Allocations: 301)
Completed 200 OK in 27ms (Views: 18.6ms | Allocations: 1156)


Started GET "/" for ::1 at 2022-11-24 10:04:26 -0300
  
AbstractController::ActionNotFound (The action 'hello' could not be found for ApplicationController):
  
actionpack (7.0.4) lib/abstract_controller/base.rb:146:in `process'
actionview (7.0.4) lib/action_view/rendering.rb:39:in `process'
actionpack (7.0.4) lib/action_controller/metal.rb:188:in `dispatch'
actionpack (7.0.4) lib/action_controller/metal.rb:251:in `dispatch'
actionpack (7.0.4) lib/action_dispatch/routing/route_set.rb:49:in `dispatch'
actionpack (7.0.4) lib/action_dispatch/routing/route_set.rb:32:in `serve'
actionpack (7.0.4) lib/action_dispatch/journey/router.rb:50:in `block in serve'
actionpack (7.0.4) lib/action_dispatch/journey/router.rb:32:in `each'
actionpack (7.0.4) lib/action_dispatch/journey/router.rb:32:in `serve'
actionpack (7.0.4) lib/action_dispatch/routing/route_set.rb:852:in `call'
rack (2.2.4) lib/rack/tempfile_reaper.rb:15:in `call'
rack (2.2.4) lib/rack/etag.rb:27:in `call'
rack (2.2.4) lib/rack/conditional_get.rb:27:in `call'
rack (2.2.4) lib/rack/head.rb:12:in `call'
actionpack (7.0.4) lib/action_dispatch/http/permissions_policy.rb:38:in `call'
actionpack (7.0.4) lib/action_dispatch/http/content_security_policy.rb:36:in `call'
rack (2.2.4) lib/rack/session/abstract/id.rb:266:in `context'
rack (2.2.4) lib/rack/session/abstract/id.rb:260:in `call'
actionpack (7.0.4) lib/action_dispatch/middleware/cookies.rb:696:in `call'
activerecord (7.0.4) lib/active_record/migration.rb:603:in `call'
actionpack (7.0.4) lib/action_dispatch/middleware/callbacks.rb:27:in `block in call'
activesupport (7.0.4) lib/active_support/callbacks.rb:99:in `run_callbacks'
actionpack (7.0.4) lib/action_dispatch/middleware/callbacks.rb:26:in `call'
actionpack (7.0.4) lib/action_dispatch/middleware/executor.rb:14:in `call'
actionpack (7.0.4) lib/action_dispatch/middleware/actionable_exceptions.rb:17:in `call'
actionpack (7.0.4) lib/action_dispatch/middleware/debug_exceptions.rb:28:in `call'
web-console (4.2.0) lib/web_console/middleware.rb:132:in `call_app'
web-console (4.2.0) lib/web_console/middleware.rb:28:in `block in call'
web-console (4.2.0) lib/web_console/middleware.rb:17:in `catch'
web-console (4.2.0) lib/web_console/middleware.rb:17:in `call'
actionpack (7.0.4) lib/action_dispatch/middleware/show_exceptions.rb:26:in `call'
railties (7.0.4) lib/rails/rack/logger.rb:40:in `call_app'
railties (7.0.4) lib/rails/rack/logger.rb:25:in `block in call'
activesupport (7.0.4) lib/active_support/tagged_logging.rb:99:in `block in tagged'
activesupport (7.0.4) lib/active_support/tagged_logging.rb:37:in `tagged'
activesupport (7.0.4) lib/active_support/tagged_logging.rb:99:in `tagged'
railties (7.0.4) lib/rails/rack/logger.rb:25:in `call'
sprockets-rails (3.4.2) lib/sprockets/rails/quiet_assets.rb:13:in `call'
actionpack (7.0.4) lib/action_dispatch/middleware/remote_ip.rb:93:in `call'
actionpack (7.0.4) lib/action_dispatch/middleware/request_id.rb:26:in `call'
rack (2.2.4) lib/rack/method_override.rb:24:in `call'
rack (2.2.4) lib/rack/runtime.rb:22:in `call'
activesupport (7.0.4) lib/active_support/cache/strategy/local_cache_middleware.rb:29:in `call'
actionpack (7.0.4) lib/action_dispatch/middleware/server_timing.rb:61:in `block in call'
actionpack (7.0.4) lib/action_dispatch/middleware/server_timing.rb:26:in `collect_events'
actionpack (7.0.4) lib/action_dispatch/middleware/server_timing.rb:60:in `call'
actionpack (7.0.4) lib/action_dispatch/middleware/executor.rb:14:in `call'
actionpack (7.0.4) lib/action_dispatch/middleware/static.rb:23:in `call'
rack (2.2.4) lib/rack/sendfile.rb:110:in `call'
actionpack (7.0.4) lib/action_dispatch/middleware/host_authorization.rb:137:in `call'
railties (7.0.4) lib/rails/engine.rb:530:in `call'
puma (5.6.5) lib/puma/configuration.rb:252:in `call'
puma (5.6.5) lib/puma/request.rb:77:in `block in handle_request'
puma (5.6.5) lib/puma/thread_pool.rb:340:in `with_force_shutdown'
puma (5.6.5) lib/puma/request.rb:76:in `handle_request'
puma (5.6.5) lib/puma/server.rb:443:in `process_client'
puma (5.6.5) lib/puma/thread_pool.rb:147:in `block in spawn_thread'
Started GET "/" for ::1 at 2022-11-24 10:05:30 -0300
Processing by ApplicationController#hello as HTML
  Rendering html template
  Rendered html template (Duration: 0.7ms | Allocations: 14)
Completed 200 OK in 20ms (Views: 15.2ms | Allocations: 787)


Started GET "/" for ::1 at 2022-11-24 10:13:21 -0300
Processing by ApplicationController#hello as HTML
  Rendering html template
  Rendered html template (Duration: 0.1ms | Allocations: 10)
Completed 200 OK in 8ms (Views: 2.4ms | Allocations: 542)


Started GET "/" for ::1 at 2022-11-24 10:15:06 -0300
  
SyntaxError (C:/Users/pedro/alpop/app/controllers/application_controller.rb:3: invalid multibyte char (UTF-8)):
  
app/controllers/application_controller.rb:3: invalid multibyte char (UTF-8)
app/controllers/application_controller.rb:3: invalid multibyte char (UTF-8)
app/controllers/application_controller.rb:3: invalid multibyte char (UTF-8)
Started GET "/" for ::1 at 2022-11-24 10:15:56 -0300
  
SyntaxError (C:/Users/pedro/alpop/app/controllers/application_controller.rb:3: invalid multibyte char (UTF-8)):
  
app/controllers/application_controller.rb:3: invalid multibyte char (UTF-8)
app/controllers/application_controller.rb:3: invalid multibyte char (UTF-8)
app/controllers/application_controller.rb:3: invalid multibyte char (UTF-8)
Started GET "/" for ::1 at 2022-11-24 10:22:37 -0300
  
SyntaxError (C:/Users/pedro/alpop/app/controllers/application_controller.rb:3: invalid multibyte char (UTF-8)):
  
app/controllers/application_controller.rb:3: invalid multibyte char (UTF-8)
app/controllers/application_controller.rb:3: invalid multibyte char (UTF-8)
app/controllers/application_controller.rb:3: invalid multibyte char (UTF-8)
Started GET "/" for ::1 at 2022-11-24 10:22:44 -0300
Processing by ApplicationController#goodbye as HTML
  Rendering html template
  Rendered html template (Duration: 0.1ms | Allocations: 10)
Completed 200 OK in 9ms (Views: 2.3ms | Allocations: 542)


